[1732304176.7075613] https://nhentai.net/
[1732304190.78463] https://nhentai.net/g/540021/
[1732304201.9604232] https://nhentai.net/
[1732304232.5162344] https://nhentai.net/tags/
[1732304236.0193076] https://nhentai.net/
[1732304255.4742582] https://nhentai.net/search/?q=nakadashi+group+mmf
[1732304270.2333992] https://nhentai.net/search/?q=nakadashi+group+mmf&sort=popular-week
[1732304277.189416] https://nhentai.net/g/539732/
[1732304299.880572] https://nhentai.net/search/?q=nakadashi+group+mmf&sort=popular-week
[1732304303.5782964] https://nhentai.net/g/539628/
[1732304352.3091702] https://nhentai.net/search/?q=nakadashi+group+mmf&sort=popular-week
[1732304362.426449] https://nhentai.net/g/530320/
[1732304377.1348352] https://nhentai.net/g/530320/27/
[1732304385.4881847] https://nhentai.net/g/530320/
[1732304390.3237617] https://nhentai.net/g/530320/39/
[1732304402.8929796] https://nhentai.net/g/530320/
[1732304404.6663344] https://nhentai.net/g/530320/36/
[1732304411.992434] https://nhentai.net/g/530320/
[1732304415.043329] https://nhentai.net/g/530320/39/
[1732304429.7566953] https://nhentai.net/g/530320/
[1732304435.6062653] https://nhentai.net/g/530320/38/
[1732304438.748369] https://nhentai.net/g/530320/
[1732304445.2968812] https://nhentai.net/g/530320/39/